<?xml version="1.0" encoding="UTF-8"?>
<!-- Generated by org.testng.reporters.JUnitXMLReporter -->
<testsuite hostname="WIN-GEDESCREUP8" ignored="3" name="Default test" tests="1" failures="0" timestamp="22 Jan 2018 05:05:01 GMT" time="36.926" errors="0">
  <testcase name="amazonTest1" time="31.011" classname="com.school.School"/>
  <testcase name="test" time="0.0" classname="com.school.School">
    <ignored/>
  </testcase> <!-- test -->
  <testcase name="amazonTest3" time="0.0" classname="com.school.School">
    <ignored/>
  </testcase> <!-- amazonTest3 -->
  <testcase name="amazonTest2" time="0.0" classname="com.school.School">
    <ignored/>
  </testcase> <!-- amazonTest2 -->
</testsuite> <!-- Default test -->
