<?xml version="1.0" encoding="UTF-8"?>
<testng-results skipped="0" failed="0" ignored="3" total="4" passed="1">
  <reporter-output>
  </reporter-output>
  <suite name="Default suite" duration-ms="36926" started-at="2018-01-22T05:04:24Z" finished-at="2018-01-22T05:05:01Z">
    <groups>
    </groups>
    <test name="Default test" duration-ms="36926" started-at="2018-01-22T05:04:24Z" finished-at="2018-01-22T05:05:01Z">
      <class name="com.school.School">
        <test-method status="PASS" signature="setUp()[pri:0, instance:com.school.School@d8355a8]" name="setUp" is-config="true" duration-ms="5887" started-at="2018-01-22T00:04:24Z" finished-at="2018-01-22T00:04:30Z">
          <reporter-output>
          </reporter-output>
        </test-method> <!-- setUp -->
        <test-method status="PASS" signature="amazonTest1()[pri:0, instance:com.school.School@d8355a8]" name="amazonTest1" duration-ms="31011" started-at="2018-01-22T00:04:30Z" finished-at="2018-01-22T00:05:01Z">
          <reporter-output>
          </reporter-output>
        </test-method> <!-- amazonTest1 -->
      </class> <!-- com.school.School -->
    </test> <!-- Default test -->
  </suite> <!-- Default suite -->
</testng-results>
